<?xml version="1.0" encoding="UTF-8"?>
<!-- Generated by org.testng.reporters.JUnitXMLReporter -->
<testsuite ignored="0" hostname="ITWS15" failures="0" tests="5" name="Surefire test" time="0.129" errors="0" timestamp="2023-11-07T14:08:31 IST">
  <testcase classname="com.lbrce.devops.UserValidationTest" name="testCase1" time="0.035"/>
  <testcase classname="com.lbrce.devops.UserValidationTest" name="testCase2" time="0.0"/>
  <testcase classname="com.lbrce.devops.UserValidationTest" name="testCase3" time="0.001"/>
  <testcase classname="com.lbrce.devops.UserValidationTest" name="testCase4" time="0.003"/>
  <testcase classname="com.lbrce.devops.UserValidationTest" name="testCase5" time="0.001"/>
</testsuite> <!-- Surefire test -->
